Using pre-set license
Built from '2020.3/staging' branch; Version is '2020.3.30f1 (1fb1bf06830e) revision 2077119'; Using compiler version '192528614'; Build Type 'Release'
OS: 'Windows 10  (10.0.19044) 64bit Professional' Language: 'zh' Physical Memory: 32489 MB
BatchMode: 1, IsHumanControllingUs: 0, StartBugReporterOnCrash: 0, Is64bit: 1, IsPro: 0

COMMAND LINE ARGUMENTS:
C:\Program Files\Unity 2020.3.30f1\Editor\Unity.exe
-adb2
-batchMode
-noUpm
-name
AssetImportWorker0
-projectPath
D:/tinyrenderer
-logFile
Logs/AssetImportWorker0.log
-srvPort
50373
Successfully changed project path to: D:/tinyrenderer
D:/tinyrenderer
Using Asset Import Pipeline V2.
Refreshing native plugins compatible for Editor in 44.22 ms, found 2 plugins.
Preloading 0 native plugins for Editor in 0.00 ms.
Initialize engine version: 2020.3.30f1 (1fb1bf06830e)
[Subsystems] Discovering subsystems at path C:/Program Files/Unity 2020.3.30f1/Editor/Data/Resources/UnitySubsystems
[Subsystems] Discovering subsystems at path D:/tinyrenderer/Assets
GfxDevice: creating device client; threaded=0
Direct3D:
    Version:  Direct3D 11.0 [level 11.1]
    Renderer: NVIDIA GeForce GTX 1660 SUPER (ID=0x21c4)
    Vendor:   
    VRAM:     5992 MB
    Driver:   30.0.15.1277
Initialize mono
Mono path[0] = 'C:/Program Files/Unity 2020.3.30f1/Editor/Data/Managed'
Mono path[1] = 'C:/Program Files/Unity 2020.3.30f1/Editor/Data/MonoBleedingEdge/lib/mono/unityjit'
Mono config path = 'C:/Program Files/Unity 2020.3.30f1/Editor/Data/MonoBleedingEdge/etc'
Using monoOptions --debugger-agent=transport=dt_socket,embedding=1,server=y,suspend=n,address=127.0.0.1:56988
Begin MonoManager ReloadAssembly
Registering precompiled unity dll's ...
Register platform support module: C:/Program Files/Unity 2020.3.30f1/Editor/Data/PlaybackEngines/WindowsStandaloneSupport/UnityEditor.WindowsStandalone.Extensions.dll
Registered in 0.002610 seconds.
Native extension for WindowsStandalone target not found
Refreshing native plugins compatible for Editor in 45.79 ms, found 2 plugins.
Preloading 0 native plugins for Editor in 0.00 ms.
Mono: successfully reloaded assembly
- Completed reload, in  0.571 seconds
Domain Reload Profiling:
	ReloadAssembly (572ms)
		BeginReloadAssembly (71ms)
			ExecutionOrderSort (0ms)
			DisableScriptedObjects (0ms)
			BackupInstance (0ms)
			ReleaseScriptingObjects (0ms)
			CreateAndSetChildDomain (1ms)
		EndReloadAssembly (438ms)
			LoadAssemblies (68ms)
			RebuildTransferFunctionScriptingTraits (0ms)
			SetupTypeCache (113ms)
			ReleaseScriptCaches (0ms)
			RebuildScriptCaches (32ms)
			SetupLoadedEditorAssemblies (156ms)
				LogAssemblyErrors (0ms)
				InitializePlatformSupportModulesInManaged (4ms)
				SetLoadedEditorAssemblies (0ms)
				RefreshPlugins (46ms)
				BeforeProcessingInitializeOnLoad (14ms)
				ProcessInitializeOnLoadAttributes (70ms)
				ProcessInitializeOnLoadMethodAttributes (22ms)
				AfterProcessingInitializeOnLoad (0ms)
				EditorAssembliesLoaded (0ms)
			ExecutionOrderSort2 (0ms)
			AwakeInstancesAfterBackupRestoration (0ms)
Platform modules already initialized, skipping
Registering precompiled user dll's ...
Registered in 0.004498 seconds.
Begin MonoManager ReloadAssembly
Native extension for WindowsStandalone target not found
Refreshing native plugins compatible for Editor in 41.95 ms, found 2 plugins.
Preloading 0 native plugins for Editor in 0.00 ms.
Mono: successfully reloaded assembly
- Completed reload, in  0.996 seconds
Domain Reload Profiling:
	ReloadAssembly (997ms)
		BeginReloadAssembly (147ms)
			ExecutionOrderSort (0ms)
			DisableScriptedObjects (4ms)
			BackupInstance (0ms)
			ReleaseScriptingObjects (0ms)
			CreateAndSetChildDomain (21ms)
		EndReloadAssembly (801ms)
			LoadAssemblies (107ms)
			RebuildTransferFunctionScriptingTraits (0ms)
			SetupTypeCache (274ms)
			ReleaseScriptCaches (0ms)
			RebuildScriptCaches (42ms)
			SetupLoadedEditorAssemblies (299ms)
				LogAssemblyErrors (0ms)
				InitializePlatformSupportModulesInManaged (2ms)
				SetLoadedEditorAssemblies (0ms)
				RefreshPlugins (42ms)
				BeforeProcessingInitializeOnLoad (75ms)
				ProcessInitializeOnLoadAttributes (164ms)
				ProcessInitializeOnLoadMethodAttributes (10ms)
				AfterProcessingInitializeOnLoad (5ms)
				EditorAssembliesLoaded (0ms)
			ExecutionOrderSort2 (0ms)
			AwakeInstancesAfterBackupRestoration (5ms)
Platform modules already initialized, skipping
========================================================================
Worker process is ready to serve import requests
Launched and connected shader compiler UnityShaderCompiler.exe after 0.04 seconds
Refreshing native plugins compatible for Editor in 0.51 ms, found 2 plugins.
Preloading 0 native plugins for Editor in 0.00 ms.
Unloading 2813 Unused Serialized files (Serialized files now loaded: 0)
System memory in use before: 127.0 MB.
System memory in use after: 127.2 MB.

Unloading 17 unused Assets to reduce memory usage. Loaded Objects now: 3251.
Total: 2.425100 ms (FindLiveObjects: 0.178000 ms CreateObjectMapping: 0.076400 ms MarkObjects: 2.090100 ms  DeleteObjects: 0.079700 ms)

AssetImportParameters requested are different than current active one (requested -> active):
  custom:framework-win-MediaFoundation: 216162199b28c13a410421893ffa2e32 -> 
  custom:video-decoder-ogg-theora: a1e56fd34408186e4bbccfd4996cb3dc -> 
  custom:container-muxer-webm: aa71ff27fc2769a1b78a27578f13a17b -> 
  custom:container-demuxer-webm: 4f35f7cbe854078d1ac9338744f61a02 -> 
  custom:container-demuxer-ogg: 62fdf1f143b41e24485cea50d1cbac27 -> 
  custom:video-encoder-webm-vp8: eb34c28f22e8b96e1ab97ce403110664 -> 
  custom:video-decoder-webm-vp8: 9c59270c3fd7afecdb556c50c9e8de78 -> 
  custom:audio-decoder-ogg-vorbis: bf7c407c2cedff20999df2af8eb42d56 -> 
  custom:audio-encoder-webm-vorbis: bf7c407c2cedff20999df2af8eb42d56 -> 
========================================================================
Received Import Request.
  path: Assets/tinyrenderer/CAM.cs
  artifactKey: Guid(ee7d27341fdb18943b8721840188377f) Importer(815301076,1909f56bfc062723c751e8b465ee728b)
Start importing Assets/tinyrenderer/CAM.cs using Guid(ee7d27341fdb18943b8721840188377f) Importer(815301076,1909f56bfc062723c751e8b465ee728b)  -> (artifact id: '9907c210a7f8d200edcb8d9f5f38b73f') in 0.048773 seconds 
========================================================================
Received Import Request.
  Time since last request: 14.879269 seconds.
  path: Assets/tinyrenderer/CAM.cs
  artifactKey: Guid(ee7d27341fdb18943b8721840188377f) Importer(815301076,1909f56bfc062723c751e8b465ee728b)
Start importing Assets/tinyrenderer/CAM.cs using Guid(ee7d27341fdb18943b8721840188377f) Importer(815301076,1909f56bfc062723c751e8b465ee728b)  -> (artifact id: '8dc4adcfd1d6f59eadcad3d4f4f8b57c') in 0.003532 seconds 
========================================================================
Received Import Request.
  Time since last request: 1.579487 seconds.
  path: Assets/tinyrenderer/CAM.cs
  artifactKey: Guid(ee7d27341fdb18943b8721840188377f) Importer(815301076,1909f56bfc062723c751e8b465ee728b)
Start importing Assets/tinyrenderer/CAM.cs using Guid(ee7d27341fdb18943b8721840188377f) Importer(815301076,1909f56bfc062723c751e8b465ee728b)  -> (artifact id: 'd138e879938ce5fcbd2aef6a79b5194e') in 0.008683 seconds 
========================================================================
Received Import Request.
  Time since last request: 5.898616 seconds.
  path: Assets/tinyrenderer/CAM.cs
  artifactKey: Guid(ee7d27341fdb18943b8721840188377f) Importer(815301076,1909f56bfc062723c751e8b465ee728b)
Start importing Assets/tinyrenderer/CAM.cs using Guid(ee7d27341fdb18943b8721840188377f) Importer(815301076,1909f56bfc062723c751e8b465ee728b)  -> (artifact id: 'c2f227f5841ba2aa705dcc8ecbde17fc') in 0.008742 seconds 
========================================================================
Received Import Request.
  Time since last request: 50.775460 seconds.
  path: Assets/tinyrenderer/CAM.cs
  artifactKey: Guid(ee7d27341fdb18943b8721840188377f) Importer(815301076,1909f56bfc062723c751e8b465ee728b)
Start importing Assets/tinyrenderer/CAM.cs using Guid(ee7d27341fdb18943b8721840188377f) Importer(815301076,1909f56bfc062723c751e8b465ee728b)  -> (artifact id: 'b824c05ba850b0e3d31f98cbc25c82a3') in 0.018547 seconds 
========================================================================
Received Import Request.
  Time since last request: 30.520838 seconds.
  path: Assets/tinyrenderer/CAM.cs
  artifactKey: Guid(ee7d27341fdb18943b8721840188377f) Importer(815301076,1909f56bfc062723c751e8b465ee728b)
Start importing Assets/tinyrenderer/CAM.cs using Guid(ee7d27341fdb18943b8721840188377f) Importer(815301076,1909f56bfc062723c751e8b465ee728b)  -> (artifact id: 'fe2211a66df02c33495840fda2c542b2') in 0.008912 seconds 
========================================================================
Received Import Request.
  Time since last request: 24.349577 seconds.
  path: Assets/tinyrenderer/CAM.cs
  artifactKey: Guid(ee7d27341fdb18943b8721840188377f) Importer(815301076,1909f56bfc062723c751e8b465ee728b)
Start importing Assets/tinyrenderer/CAM.cs using Guid(ee7d27341fdb18943b8721840188377f) Importer(815301076,1909f56bfc062723c751e8b465ee728b)  -> (artifact id: '6603e10f69e7f606b878797f72e88431') in 0.010558 seconds 
========================================================================
Received Import Request.
  Time since last request: 19.288287 seconds.
  path: Assets/tinyrenderer/CAM.cs
  artifactKey: Guid(ee7d27341fdb18943b8721840188377f) Importer(815301076,1909f56bfc062723c751e8b465ee728b)
Start importing Assets/tinyrenderer/CAM.cs using Guid(ee7d27341fdb18943b8721840188377f) Importer(815301076,1909f56bfc062723c751e8b465ee728b)  -> (artifact id: 'fd748b4357fc6b8a2b69d1a999b18287') in 0.009322 seconds 
========================================================================
Received Import Request.
  Time since last request: 0.385876 seconds.
  path: Assets/tinyrenderer/CAM.cs
  artifactKey: Guid(ee7d27341fdb18943b8721840188377f) Importer(815301076,1909f56bfc062723c751e8b465ee728b)
Start importing Assets/tinyrenderer/CAM.cs using Guid(ee7d27341fdb18943b8721840188377f) Importer(815301076,1909f56bfc062723c751e8b465ee728b)  -> (artifact id: '879e75453118e64396e4ba84f2be8ab7') in 0.008272 seconds 
========================================================================
Received Import Request.
  Time since last request: 5.603318 seconds.
  path: Assets/tinyrenderer/CAM.cs
  artifactKey: Guid(ee7d27341fdb18943b8721840188377f) Importer(815301076,1909f56bfc062723c751e8b465ee728b)
Start importing Assets/tinyrenderer/CAM.cs using Guid(ee7d27341fdb18943b8721840188377f) Importer(815301076,1909f56bfc062723c751e8b465ee728b)  -> (artifact id: '39eb7431478a69d8d449d78245d31956') in 0.002913 seconds 
========================================================================
Received Import Request.
  Time since last request: 14.924003 seconds.
  path: Assets/tinyrenderer/CAM.cs
  artifactKey: Guid(ee7d27341fdb18943b8721840188377f) Importer(815301076,1909f56bfc062723c751e8b465ee728b)
Start importing Assets/tinyrenderer/CAM.cs using Guid(ee7d27341fdb18943b8721840188377f) Importer(815301076,1909f56bfc062723c751e8b465ee728b)  -> (artifact id: 'cff17d2ac41002ca4ff21a313b24e0bc') in 0.003001 seconds 
========================================================================
Received Import Request.
  Time since last request: 7.347287 seconds.
  path: Assets/tinyrenderer/CAM.cs
  artifactKey: Guid(ee7d27341fdb18943b8721840188377f) Importer(815301076,1909f56bfc062723c751e8b465ee728b)
Start importing Assets/tinyrenderer/CAM.cs using Guid(ee7d27341fdb18943b8721840188377f) Importer(815301076,1909f56bfc062723c751e8b465ee728b)  -> (artifact id: 'af054be5f0e45bdc74d75e50271bb17f') in 0.008023 seconds 
========================================================================
Received Import Request.
  Time since last request: 31.487641 seconds.
  path: Assets/tinyrenderer/CAM.cs
  artifactKey: Guid(ee7d27341fdb18943b8721840188377f) Importer(815301076,1909f56bfc062723c751e8b465ee728b)
Start importing Assets/tinyrenderer/CAM.cs using Guid(ee7d27341fdb18943b8721840188377f) Importer(815301076,1909f56bfc062723c751e8b465ee728b)  -> (artifact id: '7090c0501fa3ec4c60fa8d4a09035614') in 0.009096 seconds 
========================================================================
Received Import Request.
  Time since last request: 2.134239 seconds.
  path: Assets/tinyrenderer/CAM.cs
  artifactKey: Guid(ee7d27341fdb18943b8721840188377f) Importer(815301076,1909f56bfc062723c751e8b465ee728b)
Start importing Assets/tinyrenderer/CAM.cs using Guid(ee7d27341fdb18943b8721840188377f) Importer(815301076,1909f56bfc062723c751e8b465ee728b)  -> (artifact id: '990bf1c7f845b47cc8b950916efa1717') in 0.002878 seconds 
========================================================================
Received Import Request.
  Time since last request: 6.401459 seconds.
  path: Assets/tinyrenderer/CAM.cs
  artifactKey: Guid(ee7d27341fdb18943b8721840188377f) Importer(815301076,1909f56bfc062723c751e8b465ee728b)
Start importing Assets/tinyrenderer/CAM.cs using Guid(ee7d27341fdb18943b8721840188377f) Importer(815301076,1909f56bfc062723c751e8b465ee728b)  -> (artifact id: 'a5d81a6eeed5a77c1f741ae87b066dd5') in 0.003792 seconds 
========================================================================
Received Import Request.
  Time since last request: 5.074622 seconds.
  path: Assets/tinyrenderer/CAM.cs
  artifactKey: Guid(ee7d27341fdb18943b8721840188377f) Importer(815301076,1909f56bfc062723c751e8b465ee728b)
Start importing Assets/tinyrenderer/CAM.cs using Guid(ee7d27341fdb18943b8721840188377f) Importer(815301076,1909f56bfc062723c751e8b465ee728b)  -> (artifact id: 'dd639cc48632b85138ae48cd1629ea63') in 0.007717 seconds 
========================================================================
Received Import Request.
  Time since last request: 1.902246 seconds.
  path: Assets/tinyrenderer/CAM.cs
  artifactKey: Guid(ee7d27341fdb18943b8721840188377f) Importer(815301076,1909f56bfc062723c751e8b465ee728b)
Start importing Assets/tinyrenderer/CAM.cs using Guid(ee7d27341fdb18943b8721840188377f) Importer(815301076,1909f56bfc062723c751e8b465ee728b)  -> (artifact id: 'b458e80967a7d563de247e5e2ac15422') in 0.003254 seconds 
========================================================================
Received Import Request.
  Time since last request: 2.667419 seconds.
  path: Assets/tinyrenderer/CAM.cs
  artifactKey: Guid(ee7d27341fdb18943b8721840188377f) Importer(815301076,1909f56bfc062723c751e8b465ee728b)
Start importing Assets/tinyrenderer/CAM.cs using Guid(ee7d27341fdb18943b8721840188377f) Importer(815301076,1909f56bfc062723c751e8b465ee728b)  -> (artifact id: 'b4039c65a16c2f81e5553ecaeace3cc8') in 0.008284 seconds 
========================================================================
Received Import Request.
  Time since last request: 14.089487 seconds.
  path: Assets/tinyrenderer/CAM.cs
  artifactKey: Guid(ee7d27341fdb18943b8721840188377f) Importer(815301076,1909f56bfc062723c751e8b465ee728b)
Start importing Assets/tinyrenderer/CAM.cs using Guid(ee7d27341fdb18943b8721840188377f) Importer(815301076,1909f56bfc062723c751e8b465ee728b)  -> (artifact id: 'a26384a3b2a8d607bf97bf29b444c48a') in 0.008640 seconds 
========================================================================
Received Import Request.
  Time since last request: 1.493415 seconds.
  path: Assets/tinyrenderer/CAM.cs
  artifactKey: Guid(ee7d27341fdb18943b8721840188377f) Importer(815301076,1909f56bfc062723c751e8b465ee728b)
Start importing Assets/tinyrenderer/CAM.cs using Guid(ee7d27341fdb18943b8721840188377f) Importer(815301076,1909f56bfc062723c751e8b465ee728b)  -> (artifact id: '9350ef45c99741bb895c391631d9557e') in 0.008730 seconds 
========================================================================
Received Import Request.
  Time since last request: 7.475457 seconds.
  path: Assets/tinyrenderer/CAM.cs
  artifactKey: Guid(ee7d27341fdb18943b8721840188377f) Importer(815301076,1909f56bfc062723c751e8b465ee728b)
Start importing Assets/tinyrenderer/CAM.cs using Guid(ee7d27341fdb18943b8721840188377f) Importer(815301076,1909f56bfc062723c751e8b465ee728b)  -> (artifact id: '0c87b49f94fd375a947b6ae6df242274') in 0.008968 seconds 
========================================================================
Received Import Request.
  Time since last request: 1.613137 seconds.
  path: Assets/tinyrenderer/CAM.cs
  artifactKey: Guid(ee7d27341fdb18943b8721840188377f) Importer(815301076,1909f56bfc062723c751e8b465ee728b)
Start importing Assets/tinyrenderer/CAM.cs using Guid(ee7d27341fdb18943b8721840188377f) Importer(815301076,1909f56bfc062723c751e8b465ee728b)  -> (artifact id: '1ef2b7b81470692b082c2c262c7f84a0') in 0.006096 seconds 
========================================================================
Received Import Request.
  Time since last request: 1.094602 seconds.
  path: Assets/tinyrenderer/CAM.cs
  artifactKey: Guid(ee7d27341fdb18943b8721840188377f) Importer(815301076,1909f56bfc062723c751e8b465ee728b)
Start importing Assets/tinyrenderer/CAM.cs using Guid(ee7d27341fdb18943b8721840188377f) Importer(815301076,1909f56bfc062723c751e8b465ee728b)  -> (artifact id: '70e5006509ec8279c044c5caefda445c') in 0.003200 seconds 
========================================================================
Received Import Request.
  Time since last request: 4.158289 seconds.
  path: Assets/tinyrenderer/CAM.cs
  artifactKey: Guid(ee7d27341fdb18943b8721840188377f) Importer(815301076,1909f56bfc062723c751e8b465ee728b)
Start importing Assets/tinyrenderer/CAM.cs using Guid(ee7d27341fdb18943b8721840188377f) Importer(815301076,1909f56bfc062723c751e8b465ee728b)  -> (artifact id: '7ef4f61777a0b9ca4e10a20e02a9b6ae') in 0.008632 seconds 
========================================================================
Received Import Request.
  Time since last request: 1.813164 seconds.
  path: Assets/tinyrenderer/CAM.cs
  artifactKey: Guid(ee7d27341fdb18943b8721840188377f) Importer(815301076,1909f56bfc062723c751e8b465ee728b)
Start importing Assets/tinyrenderer/CAM.cs using Guid(ee7d27341fdb18943b8721840188377f) Importer(815301076,1909f56bfc062723c751e8b465ee728b)  -> (artifact id: '7e7413db608eb70bb8a397caa3603e3a') in 0.003589 seconds 
========================================================================
Received Import Request.
  Time since last request: 86.892185 seconds.
  path: Assets/tinyrenderer/CAM.cs
  artifactKey: Guid(ee7d27341fdb18943b8721840188377f) Importer(815301076,1909f56bfc062723c751e8b465ee728b)
Start importing Assets/tinyrenderer/CAM.cs using Guid(ee7d27341fdb18943b8721840188377f) Importer(815301076,1909f56bfc062723c751e8b465ee728b)  -> (artifact id: 'fab3b030db4f8530c2d76b1b387fca42') in 0.010692 seconds 
========================================================================
Received Import Request.
  Time since last request: 8.581307 seconds.
  path: Assets/tinyrenderer/CAM.cs
  artifactKey: Guid(ee7d27341fdb18943b8721840188377f) Importer(815301076,1909f56bfc062723c751e8b465ee728b)
Start importing Assets/tinyrenderer/CAM.cs using Guid(ee7d27341fdb18943b8721840188377f) Importer(815301076,1909f56bfc062723c751e8b465ee728b)  -> (artifact id: '84483d786a7693ad4b2b66cdfc5992f9') in 0.009163 seconds 
========================================================================
Received Import Request.
  Time since last request: 9.460168 seconds.
  path: Assets/tinyrenderer/CAM.cs
  artifactKey: Guid(ee7d27341fdb18943b8721840188377f) Importer(815301076,1909f56bfc062723c751e8b465ee728b)
Start importing Assets/tinyrenderer/CAM.cs using Guid(ee7d27341fdb18943b8721840188377f) Importer(815301076,1909f56bfc062723c751e8b465ee728b)  -> (artifact id: 'edf81d18eb95e3434424c66d00053876') in 0.008191 seconds 
========================================================================
Received Import Request.
  Time since last request: 1.487249 seconds.
  path: Assets/tinyrenderer/CAM.cs
  artifactKey: Guid(ee7d27341fdb18943b8721840188377f) Importer(815301076,1909f56bfc062723c751e8b465ee728b)
Start importing Assets/tinyrenderer/CAM.cs using Guid(ee7d27341fdb18943b8721840188377f) Importer(815301076,1909f56bfc062723c751e8b465ee728b)  -> (artifact id: '7d17bf397c4ba21a7e8b193bd3b7767e') in 0.009543 seconds 
========================================================================
Received Import Request.
  Time since last request: 18.509908 seconds.
  path: Assets/tinyrenderer/CAM.cs
  artifactKey: Guid(ee7d27341fdb18943b8721840188377f) Importer(815301076,1909f56bfc062723c751e8b465ee728b)
Start importing Assets/tinyrenderer/CAM.cs using Guid(ee7d27341fdb18943b8721840188377f) Importer(815301076,1909f56bfc062723c751e8b465ee728b)  -> (artifact id: '833507033fa798210c5ddd1cf2354959') in 0.010358 seconds 
========================================================================
Received Import Request.
  Time since last request: 1.099381 seconds.
  path: Assets/tinyrenderer/CAM.cs
  artifactKey: Guid(ee7d27341fdb18943b8721840188377f) Importer(815301076,1909f56bfc062723c751e8b465ee728b)
Start importing Assets/tinyrenderer/CAM.cs using Guid(ee7d27341fdb18943b8721840188377f) Importer(815301076,1909f56bfc062723c751e8b465ee728b)  -> (artifact id: 'c9e1ae48fceddeb4da868a84e817b040') in 0.008810 seconds 
========================================================================
Received Import Request.
  Time since last request: 12.415844 seconds.
  path: Assets/tinyrenderer/CAM.cs
  artifactKey: Guid(ee7d27341fdb18943b8721840188377f) Importer(815301076,1909f56bfc062723c751e8b465ee728b)
Start importing Assets/tinyrenderer/CAM.cs using Guid(ee7d27341fdb18943b8721840188377f) Importer(815301076,1909f56bfc062723c751e8b465ee728b)  -> (artifact id: 'fe2e40399e46b6e42cf8ffc5d9d4f730') in 0.002831 seconds 
========================================================================
Received Import Request.
  Time since last request: 16.065662 seconds.
  path: Assets/tinyrenderer/CAM.cs
  artifactKey: Guid(ee7d27341fdb18943b8721840188377f) Importer(815301076,1909f56bfc062723c751e8b465ee728b)
Start importing Assets/tinyrenderer/CAM.cs using Guid(ee7d27341fdb18943b8721840188377f) Importer(815301076,1909f56bfc062723c751e8b465ee728b)  -> (artifact id: '2f929c0e9b64bc7fd2597b9bbe41cbdf') in 0.008426 seconds 
========================================================================
Received Import Request.
  Time since last request: 40.692245 seconds.
  path: Assets/tinyrenderer/CAM.cs
  artifactKey: Guid(ee7d27341fdb18943b8721840188377f) Importer(815301076,1909f56bfc062723c751e8b465ee728b)
Start importing Assets/tinyrenderer/CAM.cs using Guid(ee7d27341fdb18943b8721840188377f) Importer(815301076,1909f56bfc062723c751e8b465ee728b)  -> (artifact id: '7472c259550b02e0f8808a45c3577632') in 0.004781 seconds 
========================================================================
Received Import Request.
  Time since last request: 7.768810 seconds.
  path: Assets/tinyrenderer/CAM.cs
  artifactKey: Guid(ee7d27341fdb18943b8721840188377f) Importer(815301076,1909f56bfc062723c751e8b465ee728b)
Start importing Assets/tinyrenderer/CAM.cs using Guid(ee7d27341fdb18943b8721840188377f) Importer(815301076,1909f56bfc062723c751e8b465ee728b)  -> (artifact id: 'e78f9dce82245fd7c43ae33e3ec557b3') in 0.007609 seconds 
========================================================================
Received Import Request.
  Time since last request: 5.208840 seconds.
  path: Assets/tinyrenderer/CAM.cs
  artifactKey: Guid(ee7d27341fdb18943b8721840188377f) Importer(815301076,1909f56bfc062723c751e8b465ee728b)
Start importing Assets/tinyrenderer/CAM.cs using Guid(ee7d27341fdb18943b8721840188377f) Importer(815301076,1909f56bfc062723c751e8b465ee728b)  -> (artifact id: '4449e6009db9ec61b4287a0b6663598a') in 0.004869 seconds 
========================================================================
Received Import Request.
  Time since last request: 2.355053 seconds.
  path: Assets/tinyrenderer/CAM.cs
  artifactKey: Guid(ee7d27341fdb18943b8721840188377f) Importer(815301076,1909f56bfc062723c751e8b465ee728b)
Start importing Assets/tinyrenderer/CAM.cs using Guid(ee7d27341fdb18943b8721840188377f) Importer(815301076,1909f56bfc062723c751e8b465ee728b)  -> (artifact id: '0ecd310c56dcbf296c0d77edde682350') in 0.008056 seconds 
========================================================================
Received Import Request.
  Time since last request: 25.985672 seconds.
  path: Assets/tinyrenderer/CAM.cs
  artifactKey: Guid(ee7d27341fdb18943b8721840188377f) Importer(815301076,1909f56bfc062723c751e8b465ee728b)
Start importing Assets/tinyrenderer/CAM.cs using Guid(ee7d27341fdb18943b8721840188377f) Importer(815301076,1909f56bfc062723c751e8b465ee728b)  -> (artifact id: '216e22e061d841428f1f8ccd8c508928') in 0.009033 seconds 
========================================================================
Received Import Request.
  Time since last request: 18.452086 seconds.
  path: Assets/tinyrenderer/CAM.cs
  artifactKey: Guid(ee7d27341fdb18943b8721840188377f) Importer(815301076,1909f56bfc062723c751e8b465ee728b)
Start importing Assets/tinyrenderer/CAM.cs using Guid(ee7d27341fdb18943b8721840188377f) Importer(815301076,1909f56bfc062723c751e8b465ee728b)  -> (artifact id: '11fcc05bd9e9d7fd373f03446ea26fa1') in 0.008654 seconds 
========================================================================
Received Import Request.
  Time since last request: 10.982490 seconds.
  path: Assets/tinyrenderer/CAM.cs
  artifactKey: Guid(ee7d27341fdb18943b8721840188377f) Importer(815301076,1909f56bfc062723c751e8b465ee728b)
Start importing Assets/tinyrenderer/CAM.cs using Guid(ee7d27341fdb18943b8721840188377f) Importer(815301076,1909f56bfc062723c751e8b465ee728b)  -> (artifact id: '4d2427b8c6d0553f599a37afecaebe9d') in 0.009589 seconds 
========================================================================
Received Import Request.
  Time since last request: 11.080709 seconds.
  path: Assets/tinyrenderer/CAM.cs
  artifactKey: Guid(ee7d27341fdb18943b8721840188377f) Importer(815301076,1909f56bfc062723c751e8b465ee728b)
Start importing Assets/tinyrenderer/CAM.cs using Guid(ee7d27341fdb18943b8721840188377f) Importer(815301076,1909f56bfc062723c751e8b465ee728b)  -> (artifact id: 'ec4168aec9deab90a835c610e446d9f1') in 0.008362 seconds 
========================================================================
Received Import Request.
  Time since last request: 5.195148 seconds.
  path: Assets/tinyrenderer/CAM.cs
  artifactKey: Guid(ee7d27341fdb18943b8721840188377f) Importer(815301076,1909f56bfc062723c751e8b465ee728b)
Start importing Assets/tinyrenderer/CAM.cs using Guid(ee7d27341fdb18943b8721840188377f) Importer(815301076,1909f56bfc062723c751e8b465ee728b)  -> (artifact id: '0ec594f4956ff2b67a7389ae55a93b44') in 0.003372 seconds 
========================================================================
Received Import Request.
  Time since last request: 26.985126 seconds.
  path: Assets/tinyrenderer/CAM.cs
  artifactKey: Guid(ee7d27341fdb18943b8721840188377f) Importer(815301076,1909f56bfc062723c751e8b465ee728b)
Start importing Assets/tinyrenderer/CAM.cs using Guid(ee7d27341fdb18943b8721840188377f) Importer(815301076,1909f56bfc062723c751e8b465ee728b)  -> (artifact id: '5ab91eb4075dfda3175170608645caa0') in 0.010320 seconds 
========================================================================
Received Import Request.
  Time since last request: 4.986182 seconds.
  path: Assets/tinyrenderer/CAM.cs
  artifactKey: Guid(ee7d27341fdb18943b8721840188377f) Importer(815301076,1909f56bfc062723c751e8b465ee728b)
Start importing Assets/tinyrenderer/CAM.cs using Guid(ee7d27341fdb18943b8721840188377f) Importer(815301076,1909f56bfc062723c751e8b465ee728b)  -> (artifact id: '7ba04171514d86402f8e665406bd55d7') in 0.008387 seconds 
========================================================================
Received Import Request.
  Time since last request: 3.635544 seconds.
  path: Assets/tinyrenderer/CAM.cs
  artifactKey: Guid(ee7d27341fdb18943b8721840188377f) Importer(815301076,1909f56bfc062723c751e8b465ee728b)
Start importing Assets/tinyrenderer/CAM.cs using Guid(ee7d27341fdb18943b8721840188377f) Importer(815301076,1909f56bfc062723c751e8b465ee728b)  -> (artifact id: '799a200ea6fdc589f3d82cde7fe4fbd0') in 0.004633 seconds 
========================================================================
Received Import Request.
  Time since last request: 22.259873 seconds.
  path: Assets/tinyrenderer/CAM.cs
  artifactKey: Guid(ee7d27341fdb18943b8721840188377f) Importer(815301076,1909f56bfc062723c751e8b465ee728b)
Start importing Assets/tinyrenderer/CAM.cs using Guid(ee7d27341fdb18943b8721840188377f) Importer(815301076,1909f56bfc062723c751e8b465ee728b)  -> (artifact id: 'f02597e51a6dbbb07c46798fa981c0b2') in 0.008208 seconds 
========================================================================
Received Import Request.
  Time since last request: 2.794811 seconds.
  path: Assets/tinyrenderer/CAM.cs
  artifactKey: Guid(ee7d27341fdb18943b8721840188377f) Importer(815301076,1909f56bfc062723c751e8b465ee728b)
Start importing Assets/tinyrenderer/CAM.cs using Guid(ee7d27341fdb18943b8721840188377f) Importer(815301076,1909f56bfc062723c751e8b465ee728b)  -> (artifact id: '439d1db7d5387657f83ed60eb4da6088') in 0.002737 seconds 
========================================================================
Received Import Request.
  Time since last request: 4.846379 seconds.
  path: Assets/tinyrenderer/CAM.cs
  artifactKey: Guid(ee7d27341fdb18943b8721840188377f) Importer(815301076,1909f56bfc062723c751e8b465ee728b)
Start importing Assets/tinyrenderer/CAM.cs using Guid(ee7d27341fdb18943b8721840188377f) Importer(815301076,1909f56bfc062723c751e8b465ee728b)  -> (artifact id: '8281c6f82c94906547a1e620f59296f4') in 0.008425 seconds 
========================================================================
Received Import Request.
  Time since last request: 32.639357 seconds.
  path: Assets/tinyrenderer/CAM.cs
  artifactKey: Guid(ee7d27341fdb18943b8721840188377f) Importer(815301076,1909f56bfc062723c751e8b465ee728b)
Start importing Assets/tinyrenderer/CAM.cs using Guid(ee7d27341fdb18943b8721840188377f) Importer(815301076,1909f56bfc062723c751e8b465ee728b)  -> (artifact id: 'c912bd059fda2f06a21eb3665f615421') in 0.009402 seconds 
========================================================================
Received Import Request.
  Time since last request: 0.585139 seconds.
  path: Assets/tinyrenderer/CAM.cs
  artifactKey: Guid(ee7d27341fdb18943b8721840188377f) Importer(815301076,1909f56bfc062723c751e8b465ee728b)
Start importing Assets/tinyrenderer/CAM.cs using Guid(ee7d27341fdb18943b8721840188377f) Importer(815301076,1909f56bfc062723c751e8b465ee728b)  -> (artifact id: '2855bcd61650d7febcc954aebe8885e8') in 0.008884 seconds 
========================================================================
Received Import Request.
  Time since last request: 10.481729 seconds.
  path: Assets/tinyrenderer/CAM.cs
  artifactKey: Guid(ee7d27341fdb18943b8721840188377f) Importer(815301076,1909f56bfc062723c751e8b465ee728b)
Start importing Assets/tinyrenderer/CAM.cs using Guid(ee7d27341fdb18943b8721840188377f) Importer(815301076,1909f56bfc062723c751e8b465ee728b)  -> (artifact id: 'a94e23955b524176fd99f22b74b9f069') in 0.010577 seconds 
========================================================================
Received Import Request.
  Time since last request: 84.066366 seconds.
  path: Assets/tinyrenderer/CAM.cs
  artifactKey: Guid(ee7d27341fdb18943b8721840188377f) Importer(815301076,1909f56bfc062723c751e8b465ee728b)
Start importing Assets/tinyrenderer/CAM.cs using Guid(ee7d27341fdb18943b8721840188377f) Importer(815301076,1909f56bfc062723c751e8b465ee728b)  -> (artifact id: '87d624ec38689250d4d84f14ed5a3ded') in 0.008739 seconds 
========================================================================
Received Prepare
Registering precompiled user dll's ...
Registered in 0.004687 seconds.
Begin MonoManager ReloadAssembly
Native extension for WindowsStandalone target not found
Refreshing native plugins compatible for Editor in 0.42 ms, found 2 plugins.
Preloading 0 native plugins for Editor in 0.00 ms.
Mono: successfully reloaded assembly
- Completed reload, in  0.869 seconds
Domain Reload Profiling:
	ReloadAssembly (870ms)
		BeginReloadAssembly (123ms)
			ExecutionOrderSort (0ms)
			DisableScriptedObjects (4ms)
			BackupInstance (0ms)
			ReleaseScriptingObjects (0ms)
			CreateAndSetChildDomain (35ms)
		EndReloadAssembly (698ms)
			LoadAssemblies (103ms)
			RebuildTransferFunctionScriptingTraits (0ms)
			SetupTypeCache (222ms)
			ReleaseScriptCaches (1ms)
			RebuildScriptCaches (46ms)
			SetupLoadedEditorAssemblies (264ms)
				LogAssemblyErrors (0ms)
				InitializePlatformSupportModulesInManaged (3ms)
				SetLoadedEditorAssemblies (0ms)
				RefreshPlugins (0ms)
				BeforeProcessingInitializeOnLoad (76ms)
				ProcessInitializeOnLoadAttributes (169ms)
				ProcessInitializeOnLoadMethodAttributes (8ms)
				AfterProcessingInitializeOnLoad (5ms)
				EditorAssembliesLoaded (0ms)
			ExecutionOrderSort2 (0ms)
			AwakeInstancesAfterBackupRestoration (8ms)
Platform modules already initialized, skipping
Refreshing native plugins compatible for Editor in 0.41 ms, found 2 plugins.
Preloading 0 native plugins for Editor in 0.00 ms.
Unloading 2702 Unused Serialized files (Serialized files now loaded: 0)
System memory in use before: 119.7 MB.
System memory in use after: 119.9 MB.

Unloading 12 unused Assets to reduce memory usage. Loaded Objects now: 3253.
Total: 2.290000 ms (FindLiveObjects: 0.173300 ms CreateObjectMapping: 0.070800 ms MarkObjects: 2.023800 ms  DeleteObjects: 0.021300 ms)

AssetImportParameters requested are different than current active one (requested -> active):
  custom:framework-win-MediaFoundation: 216162199b28c13a410421893ffa2e32 -> 
  custom:video-decoder-ogg-theora: a1e56fd34408186e4bbccfd4996cb3dc -> 
  custom:container-muxer-webm: aa71ff27fc2769a1b78a27578f13a17b -> 
  custom:container-demuxer-webm: 4f35f7cbe854078d1ac9338744f61a02 -> 
  custom:container-demuxer-ogg: 62fdf1f143b41e24485cea50d1cbac27 -> 
  custom:video-encoder-webm-vp8: eb34c28f22e8b96e1ab97ce403110664 -> 
  custom:video-decoder-webm-vp8: 9c59270c3fd7afecdb556c50c9e8de78 -> 
  custom:audio-decoder-ogg-vorbis: bf7c407c2cedff20999df2af8eb42d56 -> 
  custom:audio-encoder-webm-vorbis: bf7c407c2cedff20999df2af8eb42d56 -> 
========================================================================
Received Import Request.
  Time since last request: 941.203969 seconds.
  path: Assets/tinyrenderer/CAM.cs
  artifactKey: Guid(ee7d27341fdb18943b8721840188377f) Importer(815301076,1909f56bfc062723c751e8b465ee728b)
Start importing Assets/tinyrenderer/CAM.cs using Guid(ee7d27341fdb18943b8721840188377f) Importer(815301076,1909f56bfc062723c751e8b465ee728b)  -> (artifact id: '6b6a1bdb3d516548da353005a680d7dd') in 0.013748 seconds 
========================================================================
Received Import Request.
  Time since last request: 2.437605 seconds.
  path: Assets/tinyrenderer/CAM.cs
  artifactKey: Guid(ee7d27341fdb18943b8721840188377f) Importer(815301076,1909f56bfc062723c751e8b465ee728b)
Start importing Assets/tinyrenderer/CAM.cs using Guid(ee7d27341fdb18943b8721840188377f) Importer(815301076,1909f56bfc062723c751e8b465ee728b)  -> (artifact id: '6523013d99115d4fe90d06316b970cea') in 0.002747 seconds 
========================================================================
Received Import Request.
  Time since last request: 25.902202 seconds.
  path: Assets/tinyrenderer/CAM.cs
  artifactKey: Guid(ee7d27341fdb18943b8721840188377f) Importer(815301076,1909f56bfc062723c751e8b465ee728b)
Start importing Assets/tinyrenderer/CAM.cs using Guid(ee7d27341fdb18943b8721840188377f) Importer(815301076,1909f56bfc062723c751e8b465ee728b)  -> (artifact id: 'cce576e50f309a6d5517630713967fb7') in 0.005025 seconds 
========================================================================
Received Import Request.
  Time since last request: 3.713309 seconds.
  path: Assets/tinyrenderer/CAM.cs
  artifactKey: Guid(ee7d27341fdb18943b8721840188377f) Importer(815301076,1909f56bfc062723c751e8b465ee728b)
Start importing Assets/tinyrenderer/CAM.cs using Guid(ee7d27341fdb18943b8721840188377f) Importer(815301076,1909f56bfc062723c751e8b465ee728b)  -> (artifact id: 'a0c2347fcbc1a80eaac11cf52e500dd5') in 0.008177 seconds 
========================================================================
Received Import Request.
  Time since last request: 5.488925 seconds.
  path: Assets/tinyrenderer/CAM.cs
  artifactKey: Guid(ee7d27341fdb18943b8721840188377f) Importer(815301076,1909f56bfc062723c751e8b465ee728b)
Start importing Assets/tinyrenderer/CAM.cs using Guid(ee7d27341fdb18943b8721840188377f) Importer(815301076,1909f56bfc062723c751e8b465ee728b)  -> (artifact id: '2bfaeae326bd93e2bca1eea55f3783c3') in 0.002687 seconds 
========================================================================
Received Import Request.
  Time since last request: 21.939535 seconds.
  path: Assets/tinyrenderer/CAM.cs
  artifactKey: Guid(ee7d27341fdb18943b8721840188377f) Importer(815301076,1909f56bfc062723c751e8b465ee728b)
Start importing Assets/tinyrenderer/CAM.cs using Guid(ee7d27341fdb18943b8721840188377f) Importer(815301076,1909f56bfc062723c751e8b465ee728b)  -> (artifact id: 'a41e10e0144a6ef41af71e5855080287') in 0.003266 seconds 
========================================================================
Received Import Request.
  Time since last request: 9.687182 seconds.
  path: Assets/tinyrenderer/CAM.cs
  artifactKey: Guid(ee7d27341fdb18943b8721840188377f) Importer(815301076,1909f56bfc062723c751e8b465ee728b)
Start importing Assets/tinyrenderer/CAM.cs using Guid(ee7d27341fdb18943b8721840188377f) Importer(815301076,1909f56bfc062723c751e8b465ee728b)  -> (artifact id: '99d3af6f3c1fd2cee49e810104ca058f') in 0.003691 seconds 
========================================================================
Received Import Request.
  Time since last request: 2.001915 seconds.
  path: Assets/tinyrenderer/CAM.cs
  artifactKey: Guid(ee7d27341fdb18943b8721840188377f) Importer(815301076,1909f56bfc062723c751e8b465ee728b)
Start importing Assets/tinyrenderer/CAM.cs using Guid(ee7d27341fdb18943b8721840188377f) Importer(815301076,1909f56bfc062723c751e8b465ee728b)  -> (artifact id: '896d240092713bd1c1d6ccd72fa46a7e') in 0.009615 seconds 
========================================================================
Received Import Request.
  Time since last request: 9.500078 seconds.
  path: Assets/tinyrenderer/CAM.cs
  artifactKey: Guid(ee7d27341fdb18943b8721840188377f) Importer(815301076,1909f56bfc062723c751e8b465ee728b)
Start importing Assets/tinyrenderer/CAM.cs using Guid(ee7d27341fdb18943b8721840188377f) Importer(815301076,1909f56bfc062723c751e8b465ee728b)  -> (artifact id: 'f577425fdce2fa38b47cec6443a2e002') in 0.003040 seconds 
========================================================================
Received Import Request.
  Time since last request: 60.505563 seconds.
  path: Assets/tinyrenderer/CAM.cs
  artifactKey: Guid(ee7d27341fdb18943b8721840188377f) Importer(815301076,1909f56bfc062723c751e8b465ee728b)
Start importing Assets/tinyrenderer/CAM.cs using Guid(ee7d27341fdb18943b8721840188377f) Importer(815301076,1909f56bfc062723c751e8b465ee728b)  -> (artifact id: 'e5590fe5acc7b8aed75f6588322cf99e') in 0.002840 seconds 
========================================================================
Received Import Request.
  Time since last request: 4.335132 seconds.
  path: Assets/tinyrenderer/CAM.cs
  artifactKey: Guid(ee7d27341fdb18943b8721840188377f) Importer(815301076,1909f56bfc062723c751e8b465ee728b)
Start importing Assets/tinyrenderer/CAM.cs using Guid(ee7d27341fdb18943b8721840188377f) Importer(815301076,1909f56bfc062723c751e8b465ee728b)  -> (artifact id: 'eb4ad90cc5e5a0c090ca9d3522acbd70') in 0.009804 seconds 
========================================================================
Received Import Request.
  Time since last request: 8.983815 seconds.
  path: Assets/tinyrenderer/CAM.cs
  artifactKey: Guid(ee7d27341fdb18943b8721840188377f) Importer(815301076,1909f56bfc062723c751e8b465ee728b)
Start importing Assets/tinyrenderer/CAM.cs using Guid(ee7d27341fdb18943b8721840188377f) Importer(815301076,1909f56bfc062723c751e8b465ee728b)  -> (artifact id: '631e1794cab30a33a5b3d28a8abf90d5') in 0.005404 seconds 
========================================================================
Received Import Request.
  Time since last request: 47.712876 seconds.
  path: Assets/tinyrenderer/CAM.cs
  artifactKey: Guid(ee7d27341fdb18943b8721840188377f) Importer(815301076,1909f56bfc062723c751e8b465ee728b)
Start importing Assets/tinyrenderer/CAM.cs using Guid(ee7d27341fdb18943b8721840188377f) Importer(815301076,1909f56bfc062723c751e8b465ee728b)  -> (artifact id: 'cde49801a5417c44e039da1576d21adb') in 0.003241 seconds 
========================================================================
Received Import Request.
  Time since last request: 4.233632 seconds.
  path: Assets/tinyrenderer/CAM.cs
  artifactKey: Guid(ee7d27341fdb18943b8721840188377f) Importer(815301076,1909f56bfc062723c751e8b465ee728b)
Start importing Assets/tinyrenderer/CAM.cs using Guid(ee7d27341fdb18943b8721840188377f) Importer(815301076,1909f56bfc062723c751e8b465ee728b)  -> (artifact id: '22f2543b12519f8d88b1ca7f7b9c0ffc') in 0.008642 seconds 
========================================================================
Received Import Request.
  Time since last request: 5.147927 seconds.
  path: Assets/tinyrenderer/CAM.cs
  artifactKey: Guid(ee7d27341fdb18943b8721840188377f) Importer(815301076,1909f56bfc062723c751e8b465ee728b)
Start importing Assets/tinyrenderer/CAM.cs using Guid(ee7d27341fdb18943b8721840188377f) Importer(815301076,1909f56bfc062723c751e8b465ee728b)  -> (artifact id: '8bf860d9083919b48ef8eea245df8c2c') in 0.004909 seconds 
========================================================================
Received Import Request.
  Time since last request: 50.122707 seconds.
  path: Assets/tinyrenderer/CAM.cs
  artifactKey: Guid(ee7d27341fdb18943b8721840188377f) Importer(815301076,1909f56bfc062723c751e8b465ee728b)
Start importing Assets/tinyrenderer/CAM.cs using Guid(ee7d27341fdb18943b8721840188377f) Importer(815301076,1909f56bfc062723c751e8b465ee728b)  -> (artifact id: '7f6f9f64db8b325b367a640d62750d86') in 0.004069 seconds 
========================================================================
Received Import Request.
  Time since last request: 31.335868 seconds.
  path: Assets/tinyrenderer/CAM.cs
  artifactKey: Guid(ee7d27341fdb18943b8721840188377f) Importer(815301076,1909f56bfc062723c751e8b465ee728b)
Start importing Assets/tinyrenderer/CAM.cs using Guid(ee7d27341fdb18943b8721840188377f) Importer(815301076,1909f56bfc062723c751e8b465ee728b)  -> (artifact id: '33fee00111d8fff288789e54b32a2c91') in 0.004527 seconds 
========================================================================
Received Import Request.
  Time since last request: 3.506612 seconds.
  path: Assets/tinyrenderer/CAM.cs
  artifactKey: Guid(ee7d27341fdb18943b8721840188377f) Importer(815301076,1909f56bfc062723c751e8b465ee728b)
Start importing Assets/tinyrenderer/CAM.cs using Guid(ee7d27341fdb18943b8721840188377f) Importer(815301076,1909f56bfc062723c751e8b465ee728b)  -> (artifact id: 'de6647492da33c6c7b46b39b1e0b32f9') in 0.008767 seconds 
========================================================================
Received Import Request.
  Time since last request: 2.827651 seconds.
  path: Assets/tinyrenderer/CAM.cs
  artifactKey: Guid(ee7d27341fdb18943b8721840188377f) Importer(815301076,1909f56bfc062723c751e8b465ee728b)
Start importing Assets/tinyrenderer/CAM.cs using Guid(ee7d27341fdb18943b8721840188377f) Importer(815301076,1909f56bfc062723c751e8b465ee728b)  -> (artifact id: 'b020e598f557b408ab3384bb0fd0140a') in 0.003073 seconds 
========================================================================
Received Import Request.
  Time since last request: 10.751912 seconds.
  path: Assets/tinyrenderer/CAM.cs
  artifactKey: Guid(ee7d27341fdb18943b8721840188377f) Importer(815301076,1909f56bfc062723c751e8b465ee728b)
Start importing Assets/tinyrenderer/CAM.cs using Guid(ee7d27341fdb18943b8721840188377f) Importer(815301076,1909f56bfc062723c751e8b465ee728b)  -> (artifact id: '9b7ff4c143e01b503b35a6a13c149f38') in 0.003254 seconds 
========================================================================
Received Import Request.
  Time since last request: 1.989931 seconds.
  path: Assets/tinyrenderer/CAM.cs
  artifactKey: Guid(ee7d27341fdb18943b8721840188377f) Importer(815301076,1909f56bfc062723c751e8b465ee728b)
Start importing Assets/tinyrenderer/CAM.cs using Guid(ee7d27341fdb18943b8721840188377f) Importer(815301076,1909f56bfc062723c751e8b465ee728b)  -> (artifact id: '74f2e4b95eeb0786b7c0ae93d115c99f') in 0.003074 seconds 
========================================================================
Received Import Request.
  Time since last request: 11.632151 seconds.
  path: Assets/tinyrenderer/CAM.cs
  artifactKey: Guid(ee7d27341fdb18943b8721840188377f) Importer(815301076,1909f56bfc062723c751e8b465ee728b)
Start importing Assets/tinyrenderer/CAM.cs using Guid(ee7d27341fdb18943b8721840188377f) Importer(815301076,1909f56bfc062723c751e8b465ee728b)  -> (artifact id: '6a9f5f7dfbe7b65574c8bde1bfd1a0f6') in 0.004584 seconds 
========================================================================
Received Import Request.
  Time since last request: 1.534512 seconds.
  path: Assets/tinyrenderer/CAM.cs
  artifactKey: Guid(ee7d27341fdb18943b8721840188377f) Importer(815301076,1909f56bfc062723c751e8b465ee728b)
Start importing Assets/tinyrenderer/CAM.cs using Guid(ee7d27341fdb18943b8721840188377f) Importer(815301076,1909f56bfc062723c751e8b465ee728b)  -> (artifact id: 'ef92848a4a8477458e6d288415c312f7') in 0.008261 seconds 
========================================================================
Received Import Request.
  Time since last request: 301.296144 seconds.
  path: Assets/tinyrenderer/CAM.cs
  artifactKey: Guid(ee7d27341fdb18943b8721840188377f) Importer(815301076,1909f56bfc062723c751e8b465ee728b)
Start importing Assets/tinyrenderer/CAM.cs using Guid(ee7d27341fdb18943b8721840188377f) Importer(815301076,1909f56bfc062723c751e8b465ee728b)  -> (artifact id: '1e4492ec6c83ab11dee0132ff3240244') in 0.003489 seconds 
========================================================================
Received Prepare
Registering precompiled user dll's ...
Registered in 0.003849 seconds.
Begin MonoManager ReloadAssembly
Native extension for WindowsStandalone target not found
Refreshing native plugins compatible for Editor in 0.57 ms, found 2 plugins.
Preloading 0 native plugins for Editor in 0.00 ms.
Mono: successfully reloaded assembly
- Completed reload, in  0.913 seconds
Domain Reload Profiling:
	ReloadAssembly (914ms)
		BeginReloadAssembly (114ms)
			ExecutionOrderSort (0ms)
			DisableScriptedObjects (4ms)
			BackupInstance (0ms)
			ReleaseScriptingObjects (0ms)
			CreateAndSetChildDomain (27ms)
		EndReloadAssembly (750ms)
			LoadAssemblies (101ms)
			RebuildTransferFunctionScriptingTraits (0ms)
			SetupTypeCache (212ms)
			ReleaseScriptCaches (1ms)
			RebuildScriptCaches (42ms)
			SetupLoadedEditorAssemblies (285ms)
				LogAssemblyErrors (0ms)
				InitializePlatformSupportModulesInManaged (4ms)
				SetLoadedEditorAssemblies (1ms)
				RefreshPlugins (1ms)
				BeforeProcessingInitializeOnLoad (89ms)
				ProcessInitializeOnLoadAttributes (176ms)
				ProcessInitializeOnLoadMethodAttributes (9ms)
				AfterProcessingInitializeOnLoad (6ms)
				EditorAssembliesLoaded (0ms)
			ExecutionOrderSort2 (0ms)
			AwakeInstancesAfterBackupRestoration (9ms)
Platform modules already initialized, skipping
Refreshing native plugins compatible for Editor in 0.45 ms, found 2 plugins.
Preloading 0 native plugins for Editor in 0.00 ms.
Unloading 2702 Unused Serialized files (Serialized files now loaded: 0)
System memory in use before: 119.7 MB.
System memory in use after: 120.0 MB.

Unloading 12 unused Assets to reduce memory usage. Loaded Objects now: 3255.
Total: 3.777000 ms (FindLiveObjects: 0.503400 ms CreateObjectMapping: 0.259800 ms MarkObjects: 2.969100 ms  DeleteObjects: 0.043100 ms)

AssetImportParameters requested are different than current active one (requested -> active):
  custom:framework-win-MediaFoundation: 216162199b28c13a410421893ffa2e32 -> 
  custom:video-decoder-ogg-theora: a1e56fd34408186e4bbccfd4996cb3dc -> 
  custom:container-muxer-webm: aa71ff27fc2769a1b78a27578f13a17b -> 
  custom:container-demuxer-webm: 4f35f7cbe854078d1ac9338744f61a02 -> 
  custom:container-demuxer-ogg: 62fdf1f143b41e24485cea50d1cbac27 -> 
  custom:video-encoder-webm-vp8: eb34c28f22e8b96e1ab97ce403110664 -> 
  custom:video-decoder-webm-vp8: 9c59270c3fd7afecdb556c50c9e8de78 -> 
  custom:audio-decoder-ogg-vorbis: bf7c407c2cedff20999df2af8eb42d56 -> 
  custom:audio-encoder-webm-vorbis: bf7c407c2cedff20999df2af8eb42d56 -> 
AssetImportWorkerClient::OnTransportError - code=2 error=End of file
